Log file open, 12/14/20 18:48:27
LogInit: Display: Running engine for game: CircleOfSalt
LogPlatformFile: Not using cached read wrapper
LogTaskGraph: Started task graph with 5 named threads and 35 total threads with 3 sets of task threads.
LogStats: Stats thread started at 0.177156
LogD3D11RHI: Loaded GFSDK_Aftermath_Lib.x64.dll
LogICUInternationalization: ICU TimeZone Detection - Raw Offset: -5:00, Platform Override: ''
LogPluginManager: Mounting plugin Paper2D
LogPluginManager: Mounting plugin AISupport
LogPluginManager: Mounting plugin LightPropagationVolume
LogPluginManager: Mounting plugin CameraShakePreviewer
LogPluginManager: Mounting plugin ActorLayerUtilities
LogPluginManager: Mounting plugin AnimationSharing
LogPluginManager: Mounting plugin CLionSourceCodeAccess
LogPluginManager: Mounting plugin CodeLiteSourceCodeAccess
LogPluginManager: Mounting plugin GitSourceControl
LogPluginManager: Mounting plugin KDevelopSourceCodeAccess
LogPluginManager: Mounting plugin NullSourceCodeAccess
LogPluginManager: Mounting plugin PerforceSourceControl
LogPluginManager: Mounting plugin PlasticSourceControl
LogPluginManager: Mounting plugin RiderSourceCodeAccess
LogPluginManager: Mounting plugin SubversionSourceControl
LogPluginManager: Mounting plugin UObjectPlugin
LogPluginManager: Mounting plugin VisualStudioCodeSourceCodeAccess
LogPluginManager: Mounting plugin VisualStudioSourceCodeAccess
LogPluginManager: Mounting plugin XCodeSourceCodeAccess
LogPluginManager: Mounting plugin AssetManagerEditor
LogPluginManager: Mounting plugin CryptoKeys
LogPluginManager: Mounting plugin CurveEditorTools
LogPluginManager: Mounting plugin DataValidation
LogPluginManager: Mounting plugin EditorScriptingUtilities
LogPluginManager: Mounting plugin FacialAnimation
LogPluginManager: Mounting plugin GameplayTagsEditor
LogPluginManager: Mounting plugin GeometryMode
LogPluginManager: Mounting plugin MacGraphicsSwitching
LogPluginManager: Mounting plugin MaterialAnalyzer
LogPluginManager: Mounting plugin MobileLauncherProfileWizard
LogPluginManager: Mounting plugin PluginBrowser
LogPluginManager: Mounting plugin SpeedTreeImporter
LogPluginManager: Mounting plugin DatasmithContent
LogPluginManager: Mounting plugin VariantManagerContent
LogPluginManager: Mounting plugin AlembicImporter
LogPluginManager: Mounting plugin AutomationUtils
LogPluginManager: Mounting plugin BackChannel
LogPluginManager: Mounting plugin ChaosCloth
LogPluginManager: Mounting plugin ChaosClothEditor
LogPluginManager: Mounting plugin ChaosEditor
LogPluginManager: Mounting plugin ChaosNiagara
LogPluginManager: Mounting plugin ChaosSolverPlugin
LogPluginManager: Mounting plugin CharacterAI
LogPluginManager: Mounting plugin GeometryCache
LogPluginManager: Mounting plugin GeometryCollectionPlugin
LogPluginManager: Mounting plugin GeometryProcessing
LogPluginManager: Mounting plugin PlanarCut
LogPluginManager: Mounting plugin PlatformCrypto
LogPluginManager: Mounting plugin ProxyLODPlugin
LogPluginManager: Mounting plugin SkeletalReduction
LogPluginManager: Mounting plugin Niagara
LogPluginManager: Mounting plugin MagicLeap
LogPluginManager: Mounting plugin MagicLeapLightEstimation
LogPluginManager: Mounting plugin MagicLeapMedia
LogPluginManager: Mounting plugin MagicLeapPassableWorld
LogPluginManager: Mounting plugin MLSDK
LogPluginManager: Mounting plugin AndroidMedia
LogPluginManager: Mounting plugin AvfMedia
LogPluginManager: Mounting plugin ImgMedia
LogPluginManager: Mounting plugin MediaCompositing
LogPluginManager: Mounting plugin MediaPlayerEditor
LogPluginManager: Mounting plugin WebMMedia
LogPluginManager: Mounting plugin WmfMedia
LogPluginManager: Mounting plugin MeshPainting
LogPluginManager: Mounting plugin TcpMessaging
LogPluginManager: Mounting plugin UdpMessaging
LogPluginManager: Mounting plugin ActorSequence
LogPluginManager: Mounting plugin LevelSequenceEditor
LogPluginManager: Mounting plugin MatineeToLevelSequence
LogPluginManager: Mounting plugin MovieRenderPipeline
LogPluginManager: Mounting plugin TemplateSequence
LogPluginManager: Mounting plugin NetcodeUnitTest
LogPluginManager: Mounting plugin NUTUnrealEngine4
LogPluginManager: Mounting plugin OnlineSubsystemGooglePlay
LogPluginManager: Mounting plugin OnlineSubsystemIOS
LogPluginManager: Mounting plugin OnlineSubsystem
LogPluginManager: Mounting plugin OnlineSubsystemNull
LogPluginManager: Mounting plugin OnlineSubsystemUtils
LogPluginManager: Mounting plugin LauncherChunkInstaller
LogPluginManager: Mounting plugin AndroidDeviceProfileSelector
LogPluginManager: Mounting plugin AndroidMoviePlayer
LogPluginManager: Mounting plugin AndroidPermission
LogPluginManager: Mounting plugin ApexDestruction
LogPluginManager: Mounting plugin AppleImageUtils
LogPluginManager: Mounting plugin AppleMoviePlayer
LogPluginManager: Mounting plugin ArchVisCharacter
LogPluginManager: Mounting plugin AssetTags
LogPluginManager: Mounting plugin AudioCapture
LogPluginManager: Mounting plugin CableComponent
LogPluginManager: Mounting plugin CustomMeshComponent
LogPluginManager: Mounting plugin EditableMesh
LogPluginManager: Mounting plugin ExampleDeviceProfileSelector
LogPluginManager: Mounting plugin GoogleCloudMessaging
LogPluginManager: Mounting plugin GooglePAD
LogPluginManager: Mounting plugin IOSDeviceProfileSelector
LogPluginManager: Mounting plugin LinuxDeviceProfileSelector
LogPluginManager: Mounting plugin LocationServicesBPLibrary
LogPluginManager: Mounting plugin MobilePatchingUtils
LogPluginManager: Mounting plugin OculusVR
LogPluginManager: Mounting plugin PhysXVehicles
LogPluginManager: Mounting plugin PostSplashScreen
LogPluginManager: Mounting plugin ProceduralMeshComponent
LogPluginManager: Mounting plugin RuntimePhysXCooking
LogPluginManager: Mounting plugin SignificanceManager
LogPluginManager: Mounting plugin SoundFields
LogPluginManager: Mounting plugin SteamVR
LogPluginManager: Mounting plugin Synthesis
LogPluginManager: Mounting plugin WebMMoviePlayer
LogPluginManager: Mounting plugin WindowsMoviePlayer
LogPluginManager: Mounting plugin ScreenshotTools
LogInit: Using libcurl 7.55.1-DEV
LogInit:  - built for x86_64-pc-win32
LogInit:  - supports SSL with OpenSSL/1.1.1
LogInit:  - supports HTTP deflate (compression) using libz 1.2.8
LogInit:  - other features:
LogInit:      CURL_VERSION_SSL
LogInit:      CURL_VERSION_LIBZ
LogInit:      CURL_VERSION_IPV6
LogInit:      CURL_VERSION_ASYNCHDNS
LogInit:      CURL_VERSION_LARGEFILE
LogInit:      CURL_VERSION_IDN
LogInit:  CurlRequestOptions (configurable via config and command line):
LogInit:  - bVerifyPeer = true  - Libcurl will verify peer certificate
LogInit:  - bUseHttpProxy = false  - Libcurl will NOT use HTTP proxy
LogInit:  - bDontReuseConnections = false  - Libcurl will reuse connections
LogInit:  - MaxHostConnections = 16  - Libcurl will limit the number of connections to a host
LogInit:  - LocalHostAddr = Default
LogInit:  - BufferSize = 65536
LogOnline: OSS: Creating online subsystem instance for: NULL
LogInit: WinSock: version 1.1 (2.2), MaxSocks=32767, MaxUdp=65467
LogOnline: OSS: TryLoadSubsystemAndSetDefault: Loaded subsystem for module [NULL]
LogOculusPluginWrapper: OculusPlugin initialized successfully
LogHMD: Failed initializing OVRPlugin 1.44.0
LogInit: Build: ++UE4+Release-4.25-CL-14469661
LogInit: Engine Version: 4.25.4-14469661+++UE4+Release-4.25
LogInit: Compatible Engine Version: 4.25.0-13144385+++UE4+Release-4.25
LogInit: Net CL: 13144385
LogInit: OS: Windows 10 (Release 2009) (), CPU: AMD Ryzen 5 3600 6-Core Processor              , GPU: NVIDIA GeForce RTX 2060 SUPER
LogInit: Compiled (64-bit): Oct 11 2020 08:10:49
LogInit: Compiled with Visual C++: 19.24.28315.00
LogInit: Build Configuration: Development
LogInit: Branch Name: ++UE4+Release-4.25
LogInit: Command Line: 
LogInit: Base Directory: D:/UE_4.25/Engine/Binaries/Win64/
LogInit: Allocator: TBB
LogInit: Installed Engine Build: 1
LogDevObjectVersion: Number of dev versions registered: 26
LogDevObjectVersion:   Dev-Blueprints (B0D832E4-1F89-4F0D-ACCF-7EB736FD4AA2): 10
LogDevObjectVersion:   Dev-Build (E1C64328-A22C-4D53-A36C-8E866417BD8C): 0
LogDevObjectVersion:   Dev-Core (375EC13C-06E4-48FB-B500-84F0262A717E): 4
LogDevObjectVersion:   Dev-Editor (E4B068ED-F494-42E9-A231-DA0B2E46BB41): 38
LogDevObjectVersion:   Dev-Framework (CFFC743F-43B0-4480-9391-14DF171D2073): 37
LogDevObjectVersion:   Dev-Mobile (B02B49B5-BB20-44E9-A304-32B752E40360): 2
LogDevObjectVersion:   Dev-Networking (A4E4105C-59A1-49B5-A7C5-40C4547EDFEE): 0
LogDevObjectVersion:   Dev-Online (39C831C9-5AE6-47DC-9A44-9C173E1C8E7C): 0
LogDevObjectVersion:   Dev-Physics (78F01B33-EBEA-4F98-B9B4-84EACCB95AA2): 4
LogDevObjectVersion:   Dev-Platform (6631380F-2D4D-43E0-8009-CF276956A95A): 0
LogDevObjectVersion:   Dev-Rendering (12F88B9F-8875-4AFC-A67C-D90C383ABD29): 43
LogDevObjectVersion:   Dev-Sequencer (7B5AE74C-D270-4C10-A958-57980B212A5A): 12
LogDevObjectVersion:   Dev-VR (D7296918-1DD6-4BDD-9DE2-64A83CC13884): 3
LogDevObjectVersion:   Dev-LoadTimes (C2A15278-BFE7-4AFE-6C17-90FF531DF755): 1
LogDevObjectVersion:   Private-Geometry (6EACA3D4-40EC-4CC1-B786-8BED09428FC5): 3
LogDevObjectVersion:   Dev-AnimPhys (29E575DD-E0A3-4627-9D10-D276232CDCEA): 17
LogDevObjectVersion:   Dev-Anim (AF43A65D-7FD3-4947-9873-3E8ED9C1BB05): 7
LogDevObjectVersion:   Dev-ReflectionCapture (6B266CEC-1EC7-4B8F-A30B-E4D90942FC07): 1
LogDevObjectVersion:   Dev-Automation (0DF73D61-A23F-47EA-B727-89E90C41499A): 1
LogDevObjectVersion:   FortniteMain (601D1886-AC64-4F84-AA16-D3DE0DEAC7D6): 31
LogDevObjectVersion:   Dev-Enterprise (9DFFBCD6-494F-0158-E221-12823C92A888): 10
LogDevObjectVersion:   Dev-Niagara (F2AED0AC-9AFE-416F-8664-AA7FFA26D6FC): 1
LogDevObjectVersion:   Dev-Destruction (174F1F0B-B4C6-45A5-B13F-2EE8D0FB917D): 10
LogDevObjectVersion:   Dev-Physics-Ext (35F94A83-E258-406C-A318-09F59610247C): 37
LogDevObjectVersion:   Dev-PhysicsMaterial-Chaos (B68FC16E-8B1B-42E2-B453-215C058844FE): 1
LogDevObjectVersion:   Dev-CineCamera (B2E18506-4273-CFC2-A54E-F4BB758BBA07): 1
LogInit: Presizing for max 25165824 objects, including 0 objects not considered by GC, pre-allocating 0 bytes for permanent pool.
LogConfig: Applying CVar settings from Section [/Script/Engine.StreamingSettings] File [D:/Repos_D/Boisvert-ENT3320-Fall2020/CircleOfSalt/Saved/Config/Windows/Engine.ini]
LogConfig: Setting CVar [[s.MinBulkDataSizeForAsyncLoading:131072]]
LogConfig: Setting CVar [[s.AsyncLoadingThreadEnabled:0]]
LogConfig: Setting CVar [[s.EventDrivenLoaderEnabled:1]]
LogConfig: Setting CVar [[s.WarnIfTimeLimitExceeded:0]]
LogConfig: Setting CVar [[s.TimeLimitExceededMultiplier:1.5]]
LogConfig: Setting CVar [[s.TimeLimitExceededMinTime:0.005]]
LogConfig: Setting CVar [[s.UseBackgroundLevelStreaming:1]]
LogConfig: Setting CVar [[s.PriorityAsyncLoadingExtraTime:15.0]]
LogConfig: Setting CVar [[s.LevelStreamingActorsUpdateTimeLimit:5.0]]
LogConfig: Setting CVar [[s.PriorityLevelStreamingActorsUpdateExtraTime:5.0]]
LogConfig: Setting CVar [[s.LevelStreamingComponentsRegistrationGranularity:10]]
LogConfig: Setting CVar [[s.UnregisterComponentsTimeLimit:1.0]]
LogConfig: Setting CVar [[s.LevelStreamingComponentsUnregistrationGranularity:5]]
LogConfig: Setting CVar [[s.FlushStreamingOnExit:1]]
LogInit: Object subsystem initialized
LogConfig: Setting CVar [[con.DebugEarlyDefault:1]]
LogConfig: Setting CVar [[r.setres:1280x720]]
[2020.12.14-23.48.28:625][  0]LogConfig: Setting CVar [[r.VSync:0]]
[2020.12.14-23.48.28:625][  0]LogConfig: Setting CVar [[r.RHICmdBypass:0]]
[2020.12.14-23.48.28:625][  0]LogConfig: Applying CVar settings from Section [/Script/Engine.RendererSettings] File [D:/Repos_D/Boisvert-ENT3320-Fall2020/CircleOfSalt/Saved/Config/Windows/Engine.ini]
[2020.12.14-23.48.28:625][  0]LogConfig: Setting CVar [[r.GPUCrashDebugging:0]]
[2020.12.14-23.48.28:625][  0]LogConfig: Setting CVar [[r.Mobile.DisableVertexFog:1]]
[2020.12.14-23.48.28:625][  0]LogConfig: Setting CVar [[r.Shadow.CSM.MaxMobileCascades:2]]
[2020.12.14-23.48.28:625][  0]LogConfig: Setting CVar [[r.MobileMSAA:1]]
[2020.12.14-23.48.28:625][  0]LogConfig: Setting CVar [[r.Mobile.UseLegacyShadingModel:0]]
[2020.12.14-23.48.28:625][  0]LogConfig: Setting CVar [[r.Mobile.AllowDitheredLODTransition:0]]
[2020.12.14-23.48.28:625][  0]LogConfig: Setting CVar [[r.Mobile.AllowSoftwareOcclusion:0]]
[2020.12.14-23.48.28:625][  0]LogConfig: Setting CVar [[r.Mobile.VirtualTextures:0]]
[2020.12.14-23.48.28:625][  0]LogConfig: Setting CVar [[r.DiscardUnusedQuality:0]]
[2020.12.14-23.48.28:625][  0]LogConfig: Setting CVar [[r.AllowOcclusionQueries:1]]
[2020.12.14-23.48.28:625][  0]LogConfig: Setting CVar [[r.MinScreenRadiusForLights:0.030000]]
[2020.12.14-23.48.28:625][  0]LogConfig: Setting CVar [[r.MinScreenRadiusForDepthPrepass:0.030000]]
[2020.12.14-23.48.28:625][  0]LogConfig: Setting CVar [[r.MinScreenRadiusForCSMDepth:0.010000]]
[2020.12.14-23.48.28:625][  0]LogConfig: Setting CVar [[r.PrecomputedVisibilityWarning:0]]
[2020.12.14-23.48.28:625][  0]LogConfig: Setting CVar [[r.TextureStreaming:1]]
[2020.12.14-23.48.28:625][  0]LogConfig: Setting CVar [[Compat.UseDXT5NormalMaps:0]]
[2020.12.14-23.48.28:625][  0]LogConfig: Setting CVar [[r.VirtualTextures:0]]
[2020.12.14-23.48.28:625][  0]LogConfig: Setting CVar [[r.VirtualTexturedLightmaps:0]]
[2020.12.14-23.48.28:625][  0]LogConfig: Setting CVar [[r.VT.TileSize:128]]
[2020.12.14-23.48.28:625][  0]LogConfig: Setting CVar [[r.VT.TileBorderSize:4]]
[2020.12.14-23.48.28:625][  0]LogConfig: Setting CVar [[r.vt.FeedbackFactor:16]]
[2020.12.14-23.48.28:625][  0]LogConfig: Setting CVar [[r.VT.EnableCompressZlib:1]]
[2020.12.14-23.48.28:625][  0]LogConfig: Setting CVar [[r.VT.EnableCompressCrunch:0]]
[2020.12.14-23.48.28:625][  0]LogConfig: Setting CVar [[r.ClearCoatNormal:0]]
[2020.12.14-23.48.28:625][  0]LogConfig: Setting CVar [[r.AnisotropicBRDF:0]]
[2020.12.14-23.48.28:625][  0]LogConfig: Setting CVar [[r.ReflectionCaptureResolution:128]]
[2020.12.14-23.48.28:625][  0]LogConfig: Setting CVar [[r.ReflectionEnvironmentLightmapMixBasedOnRoughness:1]]
[2020.12.14-23.48.28:625][  0]LogConfig: Setting CVar [[r.ForwardShading:0]]
[2020.12.14-23.48.28:626][  0]LogConfig: Setting CVar [[r.VertexFoggingForOpaque:1]]
[2020.12.14-23.48.28:626][  0]LogConfig: Setting CVar [[r.AllowStaticLighting:1]]
[2020.12.14-23.48.28:626][  0]LogConfig: Setting CVar [[r.NormalMapsForStaticLighting:0]]
[2020.12.14-23.48.28:626][  0]LogConfig: Setting CVar [[r.GenerateMeshDistanceFields:0]]
[2020.12.14-23.48.28:626][  0]LogConfig: Setting CVar [[r.DistanceFieldBuild.EightBit:0]]
[2020.12.14-23.48.28:626][  0]LogConfig: Setting CVar [[r.GenerateLandscapeGIData:0]]
[2020.12.14-23.48.28:626][  0]LogConfig: Setting CVar [[r.DistanceFieldBuild.Compress:0]]
[2020.12.14-23.48.28:626][  0]LogConfig: Setting CVar [[r.TessellationAdaptivePixelsPerTriangle:48.000000]]
[2020.12.14-23.48.28:626][  0]LogConfig: Setting CVar [[r.SeparateTranslucency:1]]
[2020.12.14-23.48.28:626][  0]LogConfig: Setting CVar [[r.TranslucentSortPolicy:0]]
[2020.12.14-23.48.28:626][  0]LogConfig: Setting CVar [[r.CustomDepth:1]]
[2020.12.14-23.48.28:626][  0]LogConfig: Setting CVar [[r.CustomDepthTemporalAAJitter:1]]
[2020.12.14-23.48.28:626][  0]LogConfig: Setting CVar [[r.PostProcessing.PropagateAlpha:0]]
[2020.12.14-23.48.28:626][  0]LogConfig: Setting CVar [[r.DefaultFeature.Bloom:1]]
[2020.12.14-23.48.28:626][  0]LogConfig: Setting CVar [[r.DefaultFeature.AmbientOcclusion:1]]
[2020.12.14-23.48.28:626][  0]LogConfig: Setting CVar [[r.DefaultFeature.AmbientOcclusionStaticFraction:1]]
[2020.12.14-23.48.28:626][  0]LogConfig: Setting CVar [[r.DefaultFeature.AutoExposure:0]]
[2020.12.14-23.48.28:626][  0]LogConfig: Setting CVar [[r.DefaultFeature.AutoExposure.Method:0]]
[2020.12.14-23.48.28:626][  0]LogConfig: Setting CVar [[r.DefaultFeature.AutoExposure.Bias:1.000000]]
[2020.12.14-23.48.28:626][  0]LogConfig: Setting CVar [[r.DefaultFeature.AutoExposure.ExtendDefaultLuminanceRange:0]]
[2020.12.14-23.48.28:626][  0]LogConfig: Setting CVar [[r.UsePreExposure:1]]
[2020.12.14-23.48.28:626][  0]LogConfig: Setting CVar [[r.EyeAdaptation.EditorOnly:0]]
[2020.12.14-23.48.28:626][  0]LogConfig: Setting CVar [[r.DefaultFeature.MotionBlur:0]]
[2020.12.14-23.48.28:626][  0]LogConfig: Setting CVar [[r.DefaultFeature.LensFlare:0]]
[2020.12.14-23.48.28:626][  0]LogConfig: Setting CVar [[r.TemporalAA.Upsampling:0]]
[2020.12.14-23.48.28:626][  0]LogConfig: Setting CVar [[r.SSGI.Enable:0]]
[2020.12.14-23.48.28:626][  0]LogConfig: Setting CVar [[r.DefaultFeature.AntiAliasing:0]]
[2020.12.14-23.48.28:626][  0]LogConfig: Setting CVar [[r.DefaultFeature.LightUnits:1]]
[2020.12.14-23.48.28:626][  0]LogConfig: Setting CVar [[r.DefaultBackBufferPixelFormat:4]]
[2020.12.14-23.48.28:626][  0]LogConfig: Setting CVar [[r.Shadow.UnbuiltPreviewInGame:1]]
[2020.12.14-23.48.28:626][  0]LogConfig: Setting CVar [[r.StencilForLODDither:0]]
[2020.12.14-23.48.28:626][  0]LogConfig: Setting CVar [[r.EarlyZPass:3]]
[2020.12.14-23.48.28:626][  0]LogConfig: Setting CVar [[r.EarlyZPassOnlyMaterialMasking:0]]
[2020.12.14-23.48.28:626][  0]LogConfig: Setting CVar [[r.DBuffer:1]]
[2020.12.14-23.48.28:626][  0]LogConfig: Setting CVar [[r.ClearSceneMethod:1]]
[2020.12.14-23.48.28:626][  0]LogConfig: Setting CVar [[r.BasePassOutputsVelocity:0]]
[2020.12.14-23.48.28:626][  0]LogConfig: Setting CVar [[r.VertexDeformationOutputsVelocity:0]]
[2020.12.14-23.48.28:626][  0]LogConfig: Setting CVar [[r.SelectiveBasePassOutputs:0]]
[2020.12.14-23.48.28:626][  0]LogConfig: Setting CVar [[fx.GPUSimulationTextureSizeX:1024]]
[2020.12.14-23.48.28:626][  0]LogConfig: Setting CVar [[fx.GPUSimulationTextureSizeY:1024]]
[2020.12.14-23.48.28:626][  0]LogConfig: Setting CVar [[r.AllowGlobalClipPlane:0]]
[2020.12.14-23.48.28:626][  0]LogConfig: Setting CVar [[r.GBufferFormat:1]]
[2020.12.14-23.48.28:626][  0]LogConfig: Setting CVar [[r.MorphTarget.Mode:1]]
[2020.12.14-23.48.28:626][  0]LogConfig: Setting CVar [[vr.InstancedStereo:0]]
[2020.12.14-23.48.28:626][  0]LogConfig: Setting CVar [[r.MobileHDR:1]]
[2020.12.14-23.48.28:626][  0]LogConfig: Setting CVar [[vr.MobileMultiView:0]]
[2020.12.14-23.48.28:626][  0]LogConfig: Setting CVar [[r.Mobile.UseHWsRGBEncoding:0]]
[2020.12.14-23.48.28:626][  0]LogConfig: Setting CVar [[vr.RoundRobinOcclusion:0]]
[2020.12.14-23.48.28:626][  0]LogConfig: Setting CVar [[vr.ODSCapture:0]]
[2020.12.14-23.48.28:626][  0]LogConfig: Setting CVar [[r.MeshStreaming:0]]
[2020.12.14-23.48.28:626][  0]LogConfig: Setting CVar [[r.WireframeCullThreshold:5.000000]]
[2020.12.14-23.48.28:626][  0]LogConfig: Setting CVar [[r.RayTracing:0]]
[2020.12.14-23.48.28:626][  0]LogConfig: Setting CVar [[r.RayTracing.UseTextureLod:0]]
[2020.12.14-23.48.28:626][  0]LogConfig: Setting CVar [[r.SupportStationarySkylight:1]]
[2020.12.14-23.48.28:626][  0]LogConfig: Setting CVar [[r.SupportLowQualityLightmaps:1]]
[2020.12.14-23.48.28:626][  0]LogConfig: Setting CVar [[r.SupportPointLightWholeSceneShadows:1]]
[2020.12.14-23.48.28:626][  0]LogConfig: Setting CVar [[r.SupportAtmosphericFog:1]]
[2020.12.14-23.48.28:626][  0]LogConfig: Setting CVar [[r.SupportSkyAtmosphere:1]]
[2020.12.14-23.48.28:626][  0]LogConfig: Setting CVar [[r.SupportSkyAtmosphereAffectsHeightFog:0]]
[2020.12.14-23.48.28:626][  0]LogConfig: Setting CVar [[r.SkinCache.CompileShaders:0]]
[2020.12.14-23.48.28:626][  0]LogConfig: Setting CVar [[r.SkinCache.DefaultBehavior:1]]
[2020.12.14-23.48.28:626][  0]LogConfig: Setting CVar [[r.SkinCache.SceneMemoryLimitInMB:128.000000]]
[2020.12.14-23.48.28:626][  0]LogConfig: Setting CVar [[r.Mobile.EnableStaticAndCSMShadowReceivers:1]]
[2020.12.14-23.48.28:626][  0]LogConfig: Setting CVar [[r.Mobile.EnableMovableLightCSMShaderCulling:1]]
[2020.12.14-23.48.28:626][  0]LogConfig: Setting CVar [[r.Mobile.AllowDistanceFieldShadows:1]]
[2020.12.14-23.48.28:626][  0]LogConfig: Setting CVar [[r.Mobile.AllowMovableDirectionalLights:1]]
[2020.12.14-23.48.28:626][  0]LogConfig: Setting CVar [[r.MobileNumDynamicPointLights:4]]
[2020.12.14-23.48.28:626][  0]LogConfig: Setting CVar [[r.MobileDynamicPointLightsUseStaticBranch:1]]
[2020.12.14-23.48.28:626][  0]LogConfig: Setting CVar [[r.Mobile.EnableMovableSpotlights:0]]
[2020.12.14-23.48.28:626][  0]LogConfig: Setting CVar [[r.GPUSkin.Support16BitBoneIndex:0]]
[2020.12.14-23.48.28:626][  0]LogConfig: Setting CVar [[r.GPUSkin.Limit2BoneInfluences:0]]
[2020.12.14-23.48.28:626][  0]LogConfig: Setting CVar [[r.SupportDepthOnlyIndexBuffers:1]]
[2020.12.14-23.48.28:626][  0]LogConfig: Setting CVar [[r.SupportReversedIndexBuffers:1]]
[2020.12.14-23.48.28:626][  0]LogConfig: Setting CVar [[r.SupportMaterialLayers:0]]
[2020.12.14-23.48.28:626][  0]LogConfig: Setting CVar [[r.LightPropagationVolume:0]]
[2020.12.14-23.48.28:626][  0]LogConfig: Applying CVar settings from Section [/Script/Engine.RendererOverrideSettings] File [D:/Repos_D/Boisvert-ENT3320-Fall2020/CircleOfSalt/Saved/Config/Windows/Engine.ini]
[2020.12.14-23.48.28:626][  0]LogConfig: Applying CVar settings from Section [/Script/Engine.StreamingSettings] File [D:/Repos_D/Boisvert-ENT3320-Fall2020/CircleOfSalt/Saved/Config/Windows/Engine.ini]
[2020.12.14-23.48.28:626][  0]LogConfig: Setting CVar [[s.MinBulkDataSizeForAsyncLoading:131072]]
[2020.12.14-23.48.28:626][  0]LogConfig: Setting CVar [[s.AsyncLoadingThreadEnabled:0]]
[2020.12.14-23.48.28:626][  0]LogConfig: Setting CVar [[s.EventDrivenLoaderEnabled:1]]
[2020.12.14-23.48.28:626][  0]LogConfig: Setting CVar [[s.WarnIfTimeLimitExceeded:0]]
[2020.12.14-23.48.28:626][  0]LogConfig: Setting CVar [[s.TimeLimitExceededMultiplier:1.5]]
[2020.12.14-23.48.28:626][  0]LogConfig: Setting CVar [[s.TimeLimitExceededMinTime:0.005]]
[2020.12.14-23.48.28:626][  0]LogConfig: Setting CVar [[s.UseBackgroundLevelStreaming:1]]
[2020.12.14-23.48.28:626][  0]LogConfig: Setting CVar [[s.PriorityAsyncLoadingExtraTime:15.0]]
[2020.12.14-23.48.28:626][  0]LogConfig: Setting CVar [[s.LevelStreamingActorsUpdateTimeLimit:5.0]]
[2020.12.14-23.48.28:627][  0]LogConfig: Setting CVar [[s.PriorityLevelStreamingActorsUpdateExtraTime:5.0]]
[2020.12.14-23.48.28:627][  0]LogConfig: Setting CVar [[s.LevelStreamingComponentsRegistrationGranularity:10]]
[2020.12.14-23.48.28:627][  0]LogConfig: Setting CVar [[s.UnregisterComponentsTimeLimit:1.0]]
[2020.12.14-23.48.28:627][  0]LogConfig: Setting CVar [[s.LevelStreamingComponentsUnregistrationGranularity:5]]
[2020.12.14-23.48.28:627][  0]LogConfig: Setting CVar [[s.FlushStreamingOnExit:1]]
[2020.12.14-23.48.28:627][  0]LogConfig: Applying CVar settings from Section [/Script/Engine.GarbageCollectionSettings] File [D:/Repos_D/Boisvert-ENT3320-Fall2020/CircleOfSalt/Saved/Config/Windows/Engine.ini]
[2020.12.14-23.48.28:627][  0]LogConfig: Setting CVar [[gc.MaxObjectsNotConsideredByGC:1]]
[2020.12.14-23.48.28:627][  0]LogConfig: Setting CVar [[gc.SizeOfPermanentObjectPool:0]]
[2020.12.14-23.48.28:627][  0]LogConfig: Setting CVar [[gc.FlushStreamingOnGC:0]]
[2020.12.14-23.48.28:627][  0]LogConfig: Setting CVar [[gc.NumRetriesBeforeForcingGC:10]]
[2020.12.14-23.48.28:627][  0]LogConfig: Setting CVar [[gc.AllowParallelGC:1]]
[2020.12.14-23.48.28:627][  0]LogConfig: Setting CVar [[gc.TimeBetweenPurgingPendingKillObjects:61.1]]
[2020.12.14-23.48.28:627][  0]LogConfig: Setting CVar [[gc.MaxObjectsInEditor:25165824]]
[2020.12.14-23.48.28:627][  0]LogConfig: Setting CVar [[gc.IncrementalBeginDestroyEnabled:1]]
[2020.12.14-23.48.28:627][  0]LogConfig: Setting CVar [[gc.CreateGCClusters:1]]
[2020.12.14-23.48.28:627][  0]LogConfig: Setting CVar [[gc.MinGCClusterSize:5]]
[2020.12.14-23.48.28:627][  0]LogConfig: Setting CVar [[gc.ActorClusteringEnabled:0]]
[2020.12.14-23.48.28:627][  0]LogConfig: Setting CVar [[gc.BlueprintClusteringEnabled:0]]
[2020.12.14-23.48.28:627][  0]LogConfig: Setting CVar [[gc.UseDisregardForGCOnDedicatedServers:0]]
[2020.12.14-23.48.28:627][  0]LogConfig: Applying CVar settings from Section [/Script/Engine.NetworkSettings] File [D:/Repos_D/Boisvert-ENT3320-Fall2020/CircleOfSalt/Saved/Config/Windows/Engine.ini]
[2020.12.14-23.48.28:627][  0]LogConfig: Applying CVar settings from Section [/Script/UnrealEd.CookerSettings] File [D:/Repos_D/Boisvert-ENT3320-Fall2020/CircleOfSalt/Saved/Config/Windows/Engine.ini]
[2020.12.14-23.48.28:630][  0]LogConfig: Applying CVar settings from Section [ViewDistanceQuality@3] File [D:/Repos_D/Boisvert-ENT3320-Fall2020/CircleOfSalt/Saved/Config/Windows/Scalability.ini]
[2020.12.14-23.48.28:630][  0]LogConfig: Setting CVar [[r.SkeletalMeshLODBias:0]]
[2020.12.14-23.48.28:630][  0]LogConfig: Setting CVar [[r.ViewDistanceScale:1.0]]
[2020.12.14-23.48.28:630][  0]LogConfig: Applying CVar settings from Section [AntiAliasingQuality@3] File [D:/Repos_D/Boisvert-ENT3320-Fall2020/CircleOfSalt/Saved/Config/Windows/Scalability.ini]
[2020.12.14-23.48.28:631][  0]LogConfig: Setting CVar [[r.PostProcessAAQuality:4]]
[2020.12.14-23.48.28:631][  0]LogConfig: Applying CVar settings from Section [ShadowQuality@3] File [D:/Repos_D/Boisvert-ENT3320-Fall2020/CircleOfSalt/Saved/Config/Windows/Scalability.ini]
[2020.12.14-23.48.28:631][  0]LogConfig: Setting CVar [[r.LightFunctionQuality:1]]
[2020.12.14-23.48.28:631][  0]LogConfig: Setting CVar [[r.ShadowQuality:5]]
[2020.12.14-23.48.28:631][  0]LogConfig: Setting CVar [[r.Shadow.CSM.MaxCascades:10]]
[2020.12.14-23.48.28:631][  0]LogConfig: Setting CVar [[r.Shadow.MaxResolution:2048]]
[2020.12.14-23.48.28:631][  0]LogConfig: Setting CVar [[r.Shadow.MaxCSMResolution:2048]]
[2020.12.14-23.48.28:631][  0]LogConfig: Setting CVar [[r.Shadow.RadiusThreshold:0.01]]
[2020.12.14-23.48.28:631][  0]LogConfig: Setting CVar [[r.Shadow.DistanceScale:1.0]]
[2020.12.14-23.48.28:631][  0]LogConfig: Setting CVar [[r.Shadow.CSM.TransitionScale:1.0]]
[2020.12.14-23.48.28:631][  0]LogConfig: Setting CVar [[r.Shadow.PreShadowResolutionFactor:1.0]]
[2020.12.14-23.48.28:631][  0]LogConfig: Setting CVar [[r.DistanceFieldShadowing:1]]
[2020.12.14-23.48.28:631][  0]LogConfig: Setting CVar [[r.DistanceFieldAO:1]]
[2020.12.14-23.48.28:631][  0]LogConfig: Setting CVar [[r.AOQuality:2]]
[2020.12.14-23.48.28:631][  0]LogConfig: Setting CVar [[r.VolumetricFog:1]]
[2020.12.14-23.48.28:631][  0]LogConfig: Setting CVar [[r.VolumetricFog.GridPixelSize:8]]
[2020.12.14-23.48.28:631][  0]LogConfig: Setting CVar [[r.VolumetricFog.GridSizeZ:128]]
[2020.12.14-23.48.28:631][  0]LogConfig: Setting CVar [[r.VolumetricFog.HistoryMissSupersampleCount:4]]
[2020.12.14-23.48.28:631][  0]LogConfig: Setting CVar [[r.LightMaxDrawDistanceScale:1]]
[2020.12.14-23.48.28:631][  0]LogConfig: Setting CVar [[r.CapsuleShadows:1]]
[2020.12.14-23.48.28:631][  0]LogConfig: Applying CVar settings from Section [PostProcessQuality@3] File [D:/Repos_D/Boisvert-ENT3320-Fall2020/CircleOfSalt/Saved/Config/Windows/Scalability.ini]
[2020.12.14-23.48.28:631][  0]LogConfig: Setting CVar [[r.MotionBlurQuality:4]]
[2020.12.14-23.48.28:631][  0]LogConfig: Setting CVar [[r.AmbientOcclusionMipLevelFactor:0.4]]
[2020.12.14-23.48.28:631][  0]LogConfig: Setting CVar [[r.AmbientOcclusionMaxQuality:100]]
[2020.12.14-23.48.28:631][  0]LogConfig: Setting CVar [[r.AmbientOcclusionLevels:-1]]
[2020.12.14-23.48.28:631][  0]LogConfig: Setting CVar [[r.AmbientOcclusionRadiusScale:1.0]]
[2020.12.14-23.48.28:631][  0]LogConfig: Setting CVar [[r.DepthOfFieldQuality:2]]
[2020.12.14-23.48.28:631][  0]LogConfig: Setting CVar [[r.RenderTargetPoolMin:400]]
[2020.12.14-23.48.28:631][  0]LogConfig: Setting CVar [[r.LensFlareQuality:2]]
[2020.12.14-23.48.28:631][  0]LogConfig: Setting CVar [[r.SceneColorFringeQuality:1]]
[2020.12.14-23.48.28:631][  0]LogConfig: Setting CVar [[r.EyeAdaptationQuality:2]]
[2020.12.14-23.48.28:631][  0]LogConfig: Setting CVar [[r.BloomQuality:5]]
[2020.12.14-23.48.28:631][  0]LogConfig: Setting CVar [[r.FastBlurThreshold:100]]
[2020.12.14-23.48.28:631][  0]LogConfig: Setting CVar [[r.Upscale.Quality:3]]
[2020.12.14-23.48.28:631][  0]LogConfig: Setting CVar [[r.Tonemapper.GrainQuantization:1]]
[2020.12.14-23.48.28:631][  0]LogConfig: Setting CVar [[r.LightShaftQuality:1]]
[2020.12.14-23.48.28:631][  0]LogConfig: Setting CVar [[r.Filter.SizeScale:1]]
[2020.12.14-23.48.28:631][  0]LogConfig: Setting CVar [[r.Tonemapper.Quality:5]]
[2020.12.14-23.48.28:631][  0]LogConfig: Setting CVar [[r.DOF.Gather.AccumulatorQuality:1        ; higher gathering accumulator quality]]
[2020.12.14-23.48.28:631][  0]LogConfig: Setting CVar [[r.DOF.Gather.PostfilterMethod:1          ; Median3x3 postfilering method]]
[2020.12.14-23.48.28:631][  0]LogConfig: Setting CVar [[r.DOF.Gather.EnableBokehSettings:0       ; no bokeh simulation when gathering]]
[2020.12.14-23.48.28:631][  0]LogConfig: Setting CVar [[r.DOF.Gather.RingCount:4                 ; medium number of samples when gathering]]
[2020.12.14-23.48.28:631][  0]LogConfig: Setting CVar [[r.DOF.Scatter.ForegroundCompositing:1    ; additive foreground scattering]]
[2020.12.14-23.48.28:631][  0]LogConfig: Setting CVar [[r.DOF.Scatter.BackgroundCompositing:2    ; additive background scattering]]
[2020.12.14-23.48.28:631][  0]LogConfig: Setting CVar [[r.DOF.Scatter.EnableBokehSettings:1      ; bokeh simulation when scattering]]
[2020.12.14-23.48.28:631][  0]LogConfig: Setting CVar [[r.DOF.Scatter.MaxSpriteRatio:0.1         ; only a maximum of 10% of scattered bokeh]]
[2020.12.14-23.48.28:631][  0]LogConfig: Setting CVar [[r.DOF.Recombine.Quality:1                ; cheap slight out of focus]]
[2020.12.14-23.48.28:631][  0]LogConfig: Setting CVar [[r.DOF.Recombine.EnableBokehSettings:0    ; no bokeh simulation on slight out of focus]]
[2020.12.14-23.48.28:631][  0]LogConfig: Setting CVar [[r.DOF.TemporalAAQuality:1                ; more stable temporal accumulation]]
[2020.12.14-23.48.28:631][  0]LogConfig: Setting CVar [[r.DOF.Kernel.MaxForegroundRadius:0.025]]
[2020.12.14-23.48.28:631][  0]LogConfig: Setting CVar [[r.DOF.Kernel.MaxBackgroundRadius:0.025]]
[2020.12.14-23.48.28:631][  0]LogConfig: Applying CVar settings from Section [TextureQuality@3] File [D:/Repos_D/Boisvert-ENT3320-Fall2020/CircleOfSalt/Saved/Config/Windows/Scalability.ini]
[2020.12.14-23.48.28:631][  0]LogConfig: Setting CVar [[r.Streaming.MipBias:0]]
[2020.12.14-23.48.28:631][  0]LogConfig: Setting CVar [[r.Streaming.AmortizeCPUToGPUCopy:0]]
[2020.12.14-23.48.28:631][  0]LogConfig: Setting CVar [[r.Streaming.MaxNumTexturesToStreamPerFrame:0]]
[2020.12.14-23.48.28:631][  0]LogConfig: Setting CVar [[r.Streaming.Boost:1]]
[2020.12.14-23.48.28:631][  0]LogConfig: Setting CVar [[r.MaxAnisotropy:8]]
[2020.12.14-23.48.28:631][  0]LogConfig: Setting CVar [[r.VT.MaxAnisotropy:8]]
[2020.12.14-23.48.28:631][  0]LogConfig: Setting CVar [[r.Streaming.LimitPoolSizeToVRAM:0]]
[2020.12.14-23.48.28:631][  0]LogConfig: Setting CVar [[r.Streaming.PoolSize:1000]]
[2020.12.14-23.48.28:631][  0]LogConfig: Setting CVar [[r.Streaming.MaxEffectiveScreenSize:0]]
[2020.12.14-23.48.28:631][  0]LogConfig: Applying CVar settings from Section [EffectsQuality@3] File [D:/Repos_D/Boisvert-ENT3320-Fall2020/CircleOfSalt/Saved/Config/Windows/Scalability.ini]
[2020.12.14-23.48.28:631][  0]LogConfig: Setting CVar [[r.TranslucencyLightingVolumeDim:64]]
[2020.12.14-23.48.28:631][  0]LogConfig: Setting CVar [[r.RefractionQuality:2]]
[2020.12.14-23.48.28:631][  0]LogConfig: Setting CVar [[r.SSR.Quality:3]]
[2020.12.14-23.48.28:631][  0]LogConfig: Setting CVar [[r.SSR.HalfResSceneColor:0]]
[2020.12.14-23.48.28:631][  0]LogConfig: Setting CVar [[r.SceneColorFormat:4]]
[2020.12.14-23.48.28:631][  0]LogConfig: Setting CVar [[r.DetailMode:2]]
[2020.12.14-23.48.28:631][  0]LogConfig: Setting CVar [[r.TranslucencyVolumeBlur:1]]
[2020.12.14-23.48.28:631][  0]LogConfig: Setting CVar [[r.MaterialQualityLevel:1 ; High quality]]
[2020.12.14-23.48.28:631][  0]LogConfig: Setting CVar [[r.SSS.Scale:1]]
[2020.12.14-23.48.28:631][  0]LogConfig: Setting CVar [[r.SSS.SampleSet:2]]
[2020.12.14-23.48.28:631][  0]LogConfig: Setting CVar [[r.SSS.Quality:1]]
[2020.12.14-23.48.28:631][  0]LogConfig: Setting CVar [[r.SSS.HalfRes:0]]
[2020.12.14-23.48.28:631][  0]LogConfig: Setting CVar [[r.SSGI.Quality:3]]
[2020.12.14-23.48.28:631][  0]LogConfig: Setting CVar [[r.EmitterSpawnRateScale:1.0]]
[2020.12.14-23.48.28:631][  0]LogConfig: Setting CVar [[r.ParticleLightQuality:2]]
[2020.12.14-23.48.28:631][  0]LogConfig: Setting CVar [[r.SkyAtmosphere.AerialPerspectiveLUT.FastApplyOnOpaque:1 ; Always have FastSkyLUT 1 in this case to avoid wrong sky]]
[2020.12.14-23.48.28:631][  0]LogConfig: Setting CVar [[r.SkyAtmosphere.AerialPerspectiveLUT.SampleCountPerSlice:1]]
[2020.12.14-23.48.28:631][  0]LogConfig: Setting CVar [[r.SkyAtmosphere.AerialPerspectiveLUT.DepthResolution:16.0]]
[2020.12.14-23.48.28:631][  0]LogConfig: Setting CVar [[r.SkyAtmosphere.FastSkyLUT:1]]
[2020.12.14-23.48.28:631][  0]LogConfig: Setting CVar [[r.SkyAtmosphere.FastSkyLUT.SampleCountMin:4.0]]
[2020.12.14-23.48.28:631][  0]LogConfig: Setting CVar [[r.SkyAtmosphere.FastSkyLUT.SampleCountMax:32.0]]
[2020.12.14-23.48.28:631][  0]LogConfig: Setting CVar [[r.SkyAtmosphere.SampleCountMin:4.0]]
[2020.12.14-23.48.28:631][  0]LogConfig: Setting CVar [[r.SkyAtmosphere.SampleCountMax:32.0]]
[2020.12.14-23.48.28:631][  0]LogConfig: Setting CVar [[r.SkyAtmosphere.TransmittanceLUT.UseSmallFormat:0]]
[2020.12.14-23.48.28:631][  0]LogConfig: Setting CVar [[r.SkyAtmosphere.TransmittanceLUT.SampleCount:10.0]]
[2020.12.14-23.48.28:631][  0]LogConfig: Setting CVar [[r.SkyAtmosphere.MultiScatteringLUT.SampleCount:15.0]]
[2020.12.14-23.48.28:631][  0]LogConfig: Applying CVar settings from Section [FoliageQuality@3] File [D:/Repos_D/Boisvert-ENT3320-Fall2020/CircleOfSalt/Saved/Config/Windows/Scalability.ini]
[2020.12.14-23.48.28:631][  0]LogConfig: Setting CVar [[foliage.DensityScale:1.0]]
[2020.12.14-23.48.28:631][  0]LogConfig: Setting CVar [[grass.DensityScale:1.0]]
[2020.12.14-23.48.28:631][  0]LogConfig: Applying CVar settings from Section [ShadingQuality@3] File [D:/Repos_D/Boisvert-ENT3320-Fall2020/CircleOfSalt/Saved/Config/Windows/Scalability.ini]
[2020.12.14-23.48.28:631][  0]LogConfig: Setting CVar [[r.HairStrands.SkyLighting.SampleCount:16]]
[2020.12.14-23.48.28:632][  0]LogConfig: Setting CVar [[r.HairStrands.SkyLighting.JitterIntegration:0]]
[2020.12.14-23.48.28:632][  0]LogConfig: Setting CVar [[r.HairStrands.SkyAO.SampleCount:16]]
[2020.12.14-23.48.28:632][  0]LogConfig: Setting CVar [[r.HairStrands.DeepShadow.SuperSampling:0]]
[2020.12.14-23.48.28:632][  0]LogConfig: Setting CVar [[r.HairStrands.VisibilityPPLL:0]]
[2020.12.14-23.48.28:632][  0]LogConfig: Setting CVar [[r.HairStrands.RasterizationScale:0.5]]
[2020.12.14-23.48.28:632][  0]LogConfig: Setting CVar [[r.HairStrands.VelocityRasterizationScale:1]]
[2020.12.14-23.48.28:632][  0]LogInit: Selected Device Profile: [Windows]
[2020.12.14-23.48.28:632][  0]LogInit: Applying CVar settings loaded from the selected device profile: [Windows]
[2020.12.14-23.48.28:632][  0]LogHAL: Display: Platform has ~ 32 GB [34288693248 / 34359738368 / 32], which maps to Largest [LargestMinGB=32, LargerMinGB=12, DefaultMinGB=8, SmallerMinGB=6, SmallestMinGB=0)
[2020.12.14-23.48.28:632][  0]LogInit: Going up to parent DeviceProfile []
[2020.12.14-23.48.28:632][  0]LogConfig: Applying CVar settings from Section [ViewDistanceQuality@3] File [D:/Repos_D/Boisvert-ENT3320-Fall2020/CircleOfSalt/Saved/Config/Windows/Scalability.ini]
[2020.12.14-23.48.28:632][  0]LogConfig: Setting CVar [[r.SkeletalMeshLODBias:0]]
[2020.12.14-23.48.28:632][  0]LogConfig: Setting CVar [[r.ViewDistanceScale:1.0]]
[2020.12.14-23.48.28:632][  0]LogConfig: Applying CVar settings from Section [AntiAliasingQuality@3] File [D:/Repos_D/Boisvert-ENT3320-Fall2020/CircleOfSalt/Saved/Config/Windows/Scalability.ini]
[2020.12.14-23.48.28:632][  0]LogConfig: Setting CVar [[r.PostProcessAAQuality:4]]
[2020.12.14-23.48.28:632][  0]LogConfig: Applying CVar settings from Section [ShadowQuality@3] File [D:/Repos_D/Boisvert-ENT3320-Fall2020/CircleOfSalt/Saved/Config/Windows/Scalability.ini]
[2020.12.14-23.48.28:632][  0]LogConfig: Setting CVar [[r.LightFunctionQuality:1]]
[2020.12.14-23.48.28:632][  0]LogConfig: Setting CVar [[r.ShadowQuality:5]]
[2020.12.14-23.48.28:632][  0]LogConfig: Setting CVar [[r.Shadow.CSM.MaxCascades:10]]
[2020.12.14-23.48.28:632][  0]LogConfig: Setting CVar [[r.Shadow.MaxResolution:2048]]
[2020.12.14-23.48.28:632][  0]LogConfig: Setting CVar [[r.Shadow.MaxCSMResolution:2048]]
[2020.12.14-23.48.28:632][  0]LogConfig: Setting CVar [[r.Shadow.RadiusThreshold:0.01]]
[2020.12.14-23.48.28:632][  0]LogConfig: Setting CVar [[r.Shadow.DistanceScale:1.0]]
[2020.12.14-23.48.28:632][  0]LogConfig: Setting CVar [[r.Shadow.CSM.TransitionScale:1.0]]
[2020.12.14-23.48.28:632][  0]LogConfig: Setting CVar [[r.Shadow.PreShadowResolutionFactor:1.0]]
[2020.12.14-23.48.28:632][  0]LogConfig: Setting CVar [[r.DistanceFieldShadowing:1]]
[2020.12.14-23.48.28:632][  0]LogConfig: Setting CVar [[r.DistanceFieldAO:1]]
[2020.12.14-23.48.28:632][  0]LogConfig: Setting CVar [[r.AOQuality:2]]
[2020.12.14-23.48.28:632][  0]LogConfig: Setting CVar [[r.VolumetricFog:1]]
[2020.12.14-23.48.28:632][  0]LogConfig: Setting CVar [[r.VolumetricFog.GridPixelSize:8]]
[2020.12.14-23.48.28:632][  0]LogConfig: Setting CVar [[r.VolumetricFog.GridSizeZ:128]]
[2020.12.14-23.48.28:632][  0]LogConfig: Setting CVar [[r.VolumetricFog.HistoryMissSupersampleCount:4]]
[2020.12.14-23.48.28:632][  0]LogConfig: Setting CVar [[r.LightMaxDrawDistanceScale:1]]
[2020.12.14-23.48.28:632][  0]LogConfig: Setting CVar [[r.CapsuleShadows:1]]
[2020.12.14-23.48.28:632][  0]LogConfig: Applying CVar settings from Section [PostProcessQuality@3] File [D:/Repos_D/Boisvert-ENT3320-Fall2020/CircleOfSalt/Saved/Config/Windows/Scalability.ini]
[2020.12.14-23.48.28:632][  0]LogConfig: Setting CVar [[r.MotionBlurQuality:4]]
[2020.12.14-23.48.28:632][  0]LogConfig: Setting CVar [[r.AmbientOcclusionMipLevelFactor:0.4]]
[2020.12.14-23.48.28:632][  0]LogConfig: Setting CVar [[r.AmbientOcclusionMaxQuality:100]]
[2020.12.14-23.48.28:632][  0]LogConfig: Setting CVar [[r.AmbientOcclusionLevels:-1]]
[2020.12.14-23.48.28:632][  0]LogConfig: Setting CVar [[r.AmbientOcclusionRadiusScale:1.0]]
[2020.12.14-23.48.28:632][  0]LogConfig: Setting CVar [[r.DepthOfFieldQuality:2]]
[2020.12.14-23.48.28:632][  0]LogConfig: Setting CVar [[r.RenderTargetPoolMin:400]]
[2020.12.14-23.48.28:632][  0]LogConfig: Setting CVar [[r.LensFlareQuality:2]]
[2020.12.14-23.48.28:632][  0]LogConfig: Setting CVar [[r.SceneColorFringeQuality:1]]
[2020.12.14-23.48.28:632][  0]LogConfig: Setting CVar [[r.EyeAdaptationQuality:2]]
[2020.12.14-23.48.28:632][  0]LogConfig: Setting CVar [[r.BloomQuality:5]]
[2020.12.14-23.48.28:632][  0]LogConfig: Setting CVar [[r.FastBlurThreshold:100]]
[2020.12.14-23.48.28:632][  0]LogConfig: Setting CVar [[r.Upscale.Quality:3]]
[2020.12.14-23.48.28:632][  0]LogConfig: Setting CVar [[r.Tonemapper.GrainQuantization:1]]
[2020.12.14-23.48.28:632][  0]LogConfig: Setting CVar [[r.LightShaftQuality:1]]
[2020.12.14-23.48.28:632][  0]LogConfig: Setting CVar [[r.Filter.SizeScale:1]]
[2020.12.14-23.48.28:632][  0]LogConfig: Setting CVar [[r.Tonemapper.Quality:5]]
[2020.12.14-23.48.28:632][  0]LogConfig: Setting CVar [[r.DOF.Gather.AccumulatorQuality:1        ; higher gathering accumulator quality]]
[2020.12.14-23.48.28:632][  0]LogConfig: Setting CVar [[r.DOF.Gather.PostfilterMethod:1          ; Median3x3 postfilering method]]
[2020.12.14-23.48.28:632][  0]LogConfig: Setting CVar [[r.DOF.Gather.EnableBokehSettings:0       ; no bokeh simulation when gathering]]
[2020.12.14-23.48.28:632][  0]LogConfig: Setting CVar [[r.DOF.Gather.RingCount:4                 ; medium number of samples when gathering]]
[2020.12.14-23.48.28:632][  0]LogConfig: Setting CVar [[r.DOF.Scatter.ForegroundCompositing:1    ; additive foreground scattering]]
[2020.12.14-23.48.28:632][  0]LogConfig: Setting CVar [[r.DOF.Scatter.BackgroundCompositing:2    ; additive background scattering]]
[2020.12.14-23.48.28:632][  0]LogConfig: Setting CVar [[r.DOF.Scatter.EnableBokehSettings:1      ; bokeh simulation when scattering]]
[2020.12.14-23.48.28:632][  0]LogConfig: Setting CVar [[r.DOF.Scatter.MaxSpriteRatio:0.1         ; only a maximum of 10% of scattered bokeh]]
[2020.12.14-23.48.28:632][  0]LogConfig: Setting CVar [[r.DOF.Recombine.Quality:1                ; cheap slight out of focus]]
[2020.12.14-23.48.28:632][  0]LogConfig: Setting CVar [[r.DOF.Recombine.EnableBokehSettings:0    ; no bokeh simulation on slight out of focus]]
[2020.12.14-23.48.28:632][  0]LogConfig: Setting CVar [[r.DOF.TemporalAAQuality:1                ; more stable temporal accumulation]]
[2020.12.14-23.48.28:632][  0]LogConfig: Setting CVar [[r.DOF.Kernel.MaxForegroundRadius:0.025]]
[2020.12.14-23.48.28:632][  0]LogConfig: Setting CVar [[r.DOF.Kernel.MaxBackgroundRadius:0.025]]
[2020.12.14-23.48.28:632][  0]LogConfig: Applying CVar settings from Section [TextureQuality@3] File [D:/Repos_D/Boisvert-ENT3320-Fall2020/CircleOfSalt/Saved/Config/Windows/Scalability.ini]
[2020.12.14-23.48.28:632][  0]LogConfig: Setting CVar [[r.Streaming.MipBias:0]]
[2020.12.14-23.48.28:632][  0]LogConfig: Setting CVar [[r.Streaming.AmortizeCPUToGPUCopy:0]]
[2020.12.14-23.48.28:632][  0]LogConfig: Setting CVar [[r.Streaming.MaxNumTexturesToStreamPerFrame:0]]
[2020.12.14-23.48.28:632][  0]LogConfig: Setting CVar [[r.Streaming.Boost:1]]
[2020.12.14-23.48.28:632][  0]LogConfig: Setting CVar [[r.MaxAnisotropy:8]]
[2020.12.14-23.48.28:632][  0]LogConfig: Setting CVar [[r.VT.MaxAnisotropy:8]]
[2020.12.14-23.48.28:632][  0]LogConfig: Setting CVar [[r.Streaming.LimitPoolSizeToVRAM:0]]
[2020.12.14-23.48.28:632][  0]LogConfig: Setting CVar [[r.Streaming.PoolSize:1000]]
[2020.12.14-23.48.28:632][  0]LogConfig: Setting CVar [[r.Streaming.MaxEffectiveScreenSize:0]]
[2020.12.14-23.48.28:632][  0]LogConfig: Applying CVar settings from Section [EffectsQuality@3] File [D:/Repos_D/Boisvert-ENT3320-Fall2020/CircleOfSalt/Saved/Config/Windows/Scalability.ini]
[2020.12.14-23.48.28:632][  0]LogConfig: Setting CVar [[r.TranslucencyLightingVolumeDim:64]]
[2020.12.14-23.48.28:632][  0]LogConfig: Setting CVar [[r.RefractionQuality:2]]
[2020.12.14-23.48.28:632][  0]LogConfig: Setting CVar [[r.SSR.Quality:3]]
[2020.12.14-23.48.28:632][  0]LogConfig: Setting CVar [[r.SSR.HalfResSceneColor:0]]
[2020.12.14-23.48.28:632][  0]LogConfig: Setting CVar [[r.SceneColorFormat:4]]
[2020.12.14-23.48.28:632][  0]LogConfig: Setting CVar [[r.DetailMode:2]]
[2020.12.14-23.48.28:632][  0]LogConfig: Setting CVar [[r.TranslucencyVolumeBlur:1]]
[2020.12.14-23.48.28:632][  0]LogConfig: Setting CVar [[r.MaterialQualityLevel:1 ; High quality]]
[2020.12.14-23.48.28:632][  0]LogConfig: Setting CVar [[r.SSS.Scale:1]]
[2020.12.14-23.48.28:632][  0]LogConfig: Setting CVar [[r.SSS.SampleSet:2]]
[2020.12.14-23.48.28:632][  0]LogConfig: Setting CVar [[r.SSS.Quality:1]]
[2020.12.14-23.48.28:633][  0]LogConfig: Setting CVar [[r.SSS.HalfRes:0]]
[2020.12.14-23.48.28:633][  0]LogConfig: Setting CVar [[r.SSGI.Quality:3]]
[2020.12.14-23.48.28:633][  0]LogConfig: Setting CVar [[r.EmitterSpawnRateScale:1.0]]
[2020.12.14-23.48.28:633][  0]LogConfig: Setting CVar [[r.ParticleLightQuality:2]]
[2020.12.14-23.48.28:633][  0]LogConfig: Setting CVar [[r.SkyAtmosphere.AerialPerspectiveLUT.FastApplyOnOpaque:1 ; Always have FastSkyLUT 1 in this case to avoid wrong sky]]
[2020.12.14-23.48.28:633][  0]LogConfig: Setting CVar [[r.SkyAtmosphere.AerialPerspectiveLUT.SampleCountPerSlice:1]]
[2020.12.14-23.48.28:633][  0]LogConfig: Setting CVar [[r.SkyAtmosphere.AerialPerspectiveLUT.DepthResolution:16.0]]
[2020.12.14-23.48.28:633][  0]LogConfig: Setting CVar [[r.SkyAtmosphere.FastSkyLUT:1]]
[2020.12.14-23.48.28:633][  0]LogConfig: Setting CVar [[r.SkyAtmosphere.FastSkyLUT.SampleCountMin:4.0]]
[2020.12.14-23.48.28:633][  0]LogConfig: Setting CVar [[r.SkyAtmosphere.FastSkyLUT.SampleCountMax:32.0]]
[2020.12.14-23.48.28:633][  0]LogConfig: Setting CVar [[r.SkyAtmosphere.SampleCountMin:4.0]]
[2020.12.14-23.48.28:633][  0]LogConfig: Setting CVar [[r.SkyAtmosphere.SampleCountMax:32.0]]
[2020.12.14-23.48.28:633][  0]LogConfig: Setting CVar [[r.SkyAtmosphere.TransmittanceLUT.UseSmallFormat:0]]
[2020.12.14-23.48.28:633][  0]LogConfig: Setting CVar [[r.SkyAtmosphere.TransmittanceLUT.SampleCount:10.0]]
[2020.12.14-23.48.28:633][  0]LogConfig: Setting CVar [[r.SkyAtmosphere.MultiScatteringLUT.SampleCount:15.0]]
[2020.12.14-23.48.28:633][  0]LogConfig: Applying CVar settings from Section [FoliageQuality@3] File [D:/Repos_D/Boisvert-ENT3320-Fall2020/CircleOfSalt/Saved/Config/Windows/Scalability.ini]
[2020.12.14-23.48.28:633][  0]LogConfig: Setting CVar [[foliage.DensityScale:1.0]]
[2020.12.14-23.48.28:633][  0]LogConfig: Setting CVar [[grass.DensityScale:1.0]]
[2020.12.14-23.48.28:633][  0]LogConfig: Applying CVar settings from Section [ShadingQuality@3] File [D:/Repos_D/Boisvert-ENT3320-Fall2020/CircleOfSalt/Saved/Config/Windows/Scalability.ini]
[2020.12.14-23.48.28:633][  0]LogConfig: Setting CVar [[r.HairStrands.SkyLighting.SampleCount:16]]
[2020.12.14-23.48.28:633][  0]LogConfig: Setting CVar [[r.HairStrands.SkyLighting.JitterIntegration:0]]
[2020.12.14-23.48.28:633][  0]LogConfig: Setting CVar [[r.HairStrands.SkyAO.SampleCount:16]]
[2020.12.14-23.48.28:633][  0]LogConfig: Setting CVar [[r.HairStrands.DeepShadow.SuperSampling:0]]
[2020.12.14-23.48.28:633][  0]LogConfig: Setting CVar [[r.HairStrands.VisibilityPPLL:0]]
[2020.12.14-23.48.28:633][  0]LogConfig: Setting CVar [[r.HairStrands.RasterizationScale:0.5]]
[2020.12.14-23.48.28:633][  0]LogConfig: Setting CVar [[r.HairStrands.VelocityRasterizationScale:1]]
[2020.12.14-23.48.28:633][  0]LogConfig: Applying CVar settings from Section [Startup] File [../../../Engine/Config/ConsoleVariables.ini]
[2020.12.14-23.48.28:633][  0]LogConfig: Setting CVar [[net.UseAdaptiveNetUpdateFrequency:0]]
[2020.12.14-23.48.28:633][  0]LogConfig: Setting CVar [[p.chaos.AllowCreatePhysxBodies:1]]
[2020.12.14-23.48.28:633][  0]LogConfig: Setting CVar [[fx.SkipVectorVMBackendOptimizations:1]]
[2020.12.14-23.48.28:633][  0]LogConfig: Applying CVar settings from Section [ConsoleVariables] File [D:/Repos_D/Boisvert-ENT3320-Fall2020/CircleOfSalt/Saved/Config/Windows/Engine.ini]
[2020.12.14-23.48.28:633][  0]LogInit: Computer: DESKTOP-K6LE1BV
[2020.12.14-23.48.28:633][  0]LogInit: User: apexp
[2020.12.14-23.48.28:633][  0]LogInit: CPU Page size=4096, Cores=6
[2020.12.14-23.48.28:633][  0]LogInit: High frequency timer resolution =10.000000 MHz
[2020.12.14-23.48.28:633][  0]LogMemory: Memory total: Physical=31.9GB (32GB approx)
[2020.12.14-23.48.28:633][  0]LogMemory: Platform Memory Stats for Windows
[2020.12.14-23.48.28:633][  0]LogMemory: Process Physical Memory: 120.79 MB used, 120.80 MB peak
[2020.12.14-23.48.28:633][  0]LogMemory: Process Virtual Memory: 106.04 MB used, 106.04 MB peak
[2020.12.14-23.48.28:633][  0]LogMemory: Physical Memory: 10967.44 MB used,  21732.80 MB free, 32700.25 MB total
[2020.12.14-23.48.28:633][  0]LogMemory: Virtual Memory: 5213.12 MB used,  134212512.00 MB free, 134217728.00 MB total
[2020.12.14-23.48.28:638][  0]LogWindows: WindowsPlatformFeatures enabled
[2020.12.14-23.48.28:682][  0]LogInit: Physics initialised using underlying interface: PhysX
[2020.12.14-23.48.28:683][  0]LogInit: Using OS detected language (en-US).
[2020.12.14-23.48.28:683][  0]LogInit: Using OS detected locale (en-US).
[2020.12.14-23.48.28:685][  0]LogTextLocalizationManager: No specific localization for 'en-US' exists, so the 'en' localization will be used.
[2020.12.14-23.48.28:858][  0]LogInit: Setting process to per monitor DPI aware
[2020.12.14-23.48.28:932][  0]LogSlate: New Slate User Created.  User Index 0, Is Virtual User: 0
[2020.12.14-23.48.28:933][  0]LogSlate: Slate User Registered.  User Index 0, Is Virtual User: 0
[2020.12.14-23.48.29:184][  0]LogHMD: Failed to initialize OpenVR with code 108
[2020.12.14-23.48.29:184][  0]LogD3D11RHI: D3D11 min allowed feature level: 11_0
[2020.12.14-23.48.29:184][  0]LogD3D11RHI: D3D11 max allowed feature level: 11_0
[2020.12.14-23.48.29:184][  0]LogD3D11RHI: D3D11 adapters:
[2020.12.14-23.48.29:270][  0]LogD3D11RHI:    0. 'NVIDIA GeForce RTX 2060 SUPER' (Feature Level 11_0)
[2020.12.14-23.48.29:270][  0]LogD3D11RHI:       8031/0/16350 MB DedicatedVideo/DedicatedSystem/SharedSystem, Outputs:2, VendorId:0x10de
[2020.12.14-23.48.29:273][  0]LogD3D11RHI:    1. 'Microsoft Basic Render Driver' (Feature Level 11_0)
[2020.12.14-23.48.29:273][  0]LogD3D11RHI:       0/0/16350 MB DedicatedVideo/DedicatedSystem/SharedSystem, Outputs:0, VendorId:0x1414
[2020.12.14-23.48.29:273][  0]LogD3D11RHI: Chosen D3D11 Adapter: 0
[2020.12.14-23.48.29:281][  0]LogD3D11RHI: Creating new Direct3DDevice
[2020.12.14-23.48.29:281][  0]LogD3D11RHI:     GPU DeviceId: 0x1f47 (for the marketing name, search the web for "GPU Device Id")
[2020.12.14-23.48.29:281][  0]LogWindows: EnumDisplayDevices:
[2020.12.14-23.48.29:281][  0]LogWindows:    0. 'NVIDIA GeForce RTX 2060 SUPER' (P:1 D:1)
[2020.12.14-23.48.29:281][  0]LogWindows:    1. 'NVIDIA GeForce RTX 2060 SUPER' (P:0 D:1)
[2020.12.14-23.48.29:281][  0]LogWindows:    2. 'NVIDIA GeForce RTX 2060 SUPER' (P:0 D:0)
[2020.12.14-23.48.29:281][  0]LogWindows:    3. 'NVIDIA GeForce RTX 2060 SUPER' (P:0 D:0)
[2020.12.14-23.48.29:282][  0]LogWindows: DebugString: FoundDriverCount:4 
[2020.12.14-23.48.29:282][  0]LogD3D11RHI:     Adapter Name: NVIDIA GeForce RTX 2060 SUPER
[2020.12.14-23.48.29:282][  0]LogD3D11RHI:   Driver Version: 457.30 (internal:27.21.14.5730, unified:457.30)
[2020.12.14-23.48.29:282][  0]LogD3D11RHI:      Driver Date: 11-6-2020
[2020.12.14-23.48.29:282][  0]LogRHI: Texture pool is 5621 MB (70% of 8031 MB)
[2020.12.14-23.48.29:343][  0]LogD3D11RHI: RHI has support for 64 bit atomics
[2020.12.14-23.48.29:343][  0]LogD3D11RHI: Async texture creation enabled
[2020.12.14-23.48.29:343][  0]LogD3D11RHI: Array index from any shader is supported
[2020.12.14-23.48.29:364][  0]LogD3D11RHI: GPU Timing Frequency: 1000.000000 (Debug: 2 2)
[2020.12.14-23.48.29:627][  0]LogTargetPlatformManager: Display: Loaded TargetPlatform 'AllDesktop'
[2020.12.14-23.48.29:652][  0]LogTargetPlatformManager: Display: Loaded TargetPlatform 'Android'
[2020.12.14-23.48.29:652][  0]LogTargetPlatformManager: Display: Loaded TargetPlatform 'Android_ASTC'
[2020.12.14-23.48.29:653][  0]LogTargetPlatformManager: Display: Loaded TargetPlatform 'Android_DXT'
[2020.12.14-23.48.29:653][  0]LogTargetPlatformManager: Display: Loaded TargetPlatform 'Android_ETC2'
[2020.12.14-23.48.29:653][  0]LogTargetPlatformManager: Display: Loaded TargetPlatform 'AndroidClient'
[2020.12.14-23.48.29:653][  0]LogTargetPlatformManager: Display: Loaded TargetPlatform 'Android_ASTCClient'
[2020.12.14-23.48.29:653][  0]LogTargetPlatformManager: Display: Loaded TargetPlatform 'Android_DXTClient'
[2020.12.14-23.48.29:653][  0]LogTargetPlatformManager: Display: Loaded TargetPlatform 'Android_ETC2Client'
[2020.12.14-23.48.29:653][  0]LogTargetPlatformManager: Display: Loaded TargetPlatform 'Android_Multi'
[2020.12.14-23.48.29:653][  0]LogTargetPlatformManager: Display: Loaded TargetPlatform 'Android_MultiClient'
[2020.12.14-23.48.29:677][  0]LogTargetPlatformManager: Display: Loaded TargetPlatform 'IOSClient'
[2020.12.14-23.48.29:678][  0]LogTargetPlatformManager: Display: Loaded TargetPlatform 'IOS'
[2020.12.14-23.48.29:689][  0]LogTargetPlatformManager: Display: Loaded TargetPlatform 'Linux'
[2020.12.14-23.48.29:698][  0]LogTargetPlatformManager: Display: Loaded TargetPlatform 'LinuxNoEditor'
[2020.12.14-23.48.29:711][  0]LogTargetPlatformManager: Display: Loaded TargetPlatform 'LinuxClient'
[2020.12.14-23.48.29:721][  0]LogTargetPlatformManager: Display: Loaded TargetPlatform 'LinuxServer'
[2020.12.14-23.48.29:731][  0]LogTargetPlatformManager: Display: Loaded TargetPlatform 'LinuxAArch64NoEditor'
[2020.12.14-23.48.29:741][  0]LogTargetPlatformManager: Display: Loaded TargetPlatform 'LinuxAArch64Client'
[2020.12.14-23.48.29:751][  0]LogTargetPlatformManager: Display: Loaded TargetPlatform 'LinuxAArch64Server'
[2020.12.14-23.48.29:783][  0]LogTargetPlatformManager: Display: Loaded TargetPlatform 'Lumin'
[2020.12.14-23.48.29:783][  0]LogTargetPlatformManager: Display: Loaded TargetPlatform 'LuminClient'
[2020.12.14-23.48.29:799][  0]LogTargetPlatformManager: Display: Loaded TargetPlatform 'TVOSClient'
[2020.12.14-23.48.29:799][  0]LogTargetPlatformManager: Display: Loaded TargetPlatform 'TVOS'
[2020.12.14-23.48.29:810][  0]LogTargetPlatformManager: Display: Loaded TargetPlatform 'WindowsNoEditor'
[2020.12.14-23.48.29:820][  0]LogTargetPlatformManager: Display: Loaded TargetPlatform 'Windows'
[2020.12.14-23.48.29:830][  0]LogTargetPlatformManager: Display: Loaded TargetPlatform 'WindowsClient'
[2020.12.14-23.48.29:840][  0]LogTargetPlatformManager: Display: Loaded TargetPlatform 'WindowsServer'
[2020.12.14-23.48.29:840][  0]LogTargetPlatformManager: Display: Building Assets For Windows
[2020.12.14-23.48.29:849][  0]LogAudioDebug: Display: Lib vorbis DLL was dynamically loaded.
[2020.12.14-23.48.29:904][  0]LogShaderCompilers: Guid format shader working directory is -13 characters bigger than the processId version (../../../../Repos_D/Boisvert-ENT3320-Fall2020/CircleOfSalt/Intermediate/Shaders/WorkingDirectory/18108/).
[2020.12.14-23.48.29:905][  0]LogShaderCompilers: Cleaned the shader compiler working directory 'C:/Users/apexp/AppData/Local/Temp/UnrealShaderWorkingDir/B2D552F246DD0DD39C6931AACCD6A3D2/'.
[2020.12.14-23.48.29:905][  0]LogXGEController: Cannot use XGE Controller as Incredibuild is not installed on this machine.
[2020.12.14-23.48.29:905][  0]LogShaderCompilers: Cannot use XGE Shader Compiler as Incredibuild is not installed on this machine.
[2020.12.14-23.48.29:905][  0]LogShaderCompilers: Display: Using Local Shader Compiler.
[2020.12.14-23.48.30:686][  0]LogDerivedDataCache: Display: Max Cache Size: 512 MB
[2020.12.14-23.48.30:733][  0]LogDerivedDataCache: Loaded boot cache 0.05s 79MB C:/Users/apexp/AppData/Local/UnrealEngine/4.25/DerivedDataCache/Boot.ddc.
[2020.12.14-23.48.30:733][  0]LogDerivedDataCache: Display: Loaded Boot cache: C:/Users/apexp/AppData/Local/UnrealEngine/4.25/DerivedDataCache/Boot.ddc
[2020.12.14-23.48.30:733][  0]LogDerivedDataCache: FDerivedDataBackendGraph:  Pak pak cache file ../../../../Repos_D/Boisvert-ENT3320-Fall2020/CircleOfSalt/DerivedDataCache/DDC.ddp not found, will not use a pak cache.
[2020.12.14-23.48.30:733][  0]LogDerivedDataCache: Unable to find inner node Pak for hierarchical cache Hierarchy.
[2020.12.14-23.48.30:733][  0]LogDerivedDataCache: FDerivedDataBackendGraph:  CompressedPak pak cache file ../../../../Repos_D/Boisvert-ENT3320-Fall2020/CircleOfSalt/DerivedDataCache/Compressed.ddp not found, will not use a pak cache.
[2020.12.14-23.48.30:733][  0]LogDerivedDataCache: Unable to find inner node CompressedPak for hierarchical cache Hierarchy.
[2020.12.14-23.48.30:744][  0]LogDerivedDataCache: Display: Pak cache opened for reading ../../../Engine/DerivedDataCache/Compressed.ddp.
[2020.12.14-23.48.30:744][  0]LogDerivedDataCache: FDerivedDataBackendGraph:  EnterprisePak pak cache file ../../../Enterprise/DerivedDataCache/Compressed.ddp not found, will not use a pak cache.
[2020.12.14-23.48.30:744][  0]LogDerivedDataCache: Unable to find inner node EnterprisePak for hierarchical cache Hierarchy.
[2020.12.14-23.48.30:745][  0]LogDerivedDataCache: Using Local data cache path C:/Users/apexp/AppData/Local/UnrealEngine/Common/DerivedDataCache: Writable
[2020.12.14-23.48.30:745][  0]LogDerivedDataCache: Shared data cache path not found in *engine.ini, will not use an Shared cache.
[2020.12.14-23.48.30:746][  0]LogDerivedDataCache: Unable to find inner node Shared for hierarchical cache Hierarchy.
[2020.12.14-23.48.30:796][  0]LogSlate: Using FreeType 2.10.0
[2020.12.14-23.48.30:797][  0]LogSlate: SlateFontServices - WITH_FREETYPE: 1, WITH_HARFBUZZ: 1
[2020.12.14-23.48.30:820][  0]LogAssetRegistry: FAssetRegistry took 0.0028 seconds to start up
[2020.12.14-23.48.31:057][  0]LogInit: Selected Device Profile: [Windows]
[2020.12.14-23.48.31:169][  0]LogMeshReduction: Using QuadricMeshReduction for automatic static mesh reduction
[2020.12.14-23.48.31:169][  0]LogMeshReduction: Using SimplygonMeshReduction for automatic skeletal mesh reduction
[2020.12.14-23.48.31:169][  0]LogMeshReduction: Using ProxyLODMeshReduction for automatic mesh merging
[2020.12.14-23.48.31:169][  0]LogMeshReduction: No distributed automatic mesh merging module available
[2020.12.14-23.48.31:169][  0]LogMeshMerging: No distributed automatic mesh merging module available
[2020.12.14-23.48.31:184][  0]LogNetVersion: CircleOfSalt 1.0.0, NetCL: 13144385, EngineNetVer: 14, GameNetVer: 0 (Checksum: 2736225797)
[2020.12.14-23.48.31:582][  0]LogAISub: UAISubsystem::UAISubsystem AISubsystem (0000021CBE2CD4C0), frame # 0
[2020.12.14-23.48.31:582][  0]LogAISub: UAISubsystem::UAISubsystem AIPerceptionSystem (0000021CBE2211C0), frame # 0
[2020.12.14-23.48.31:583][  0]LogAISub: UAISubsystem::UAISubsystem EnvQueryManager (0000021CBE270200), frame # 0
[2020.12.14-23.48.31:633][  0]LogPackageLocalizationCache: Processed 19 localized package path(s) for 1 prioritized culture(s) in 0.043996 seconds
[2020.12.14-23.48.31:639][  0]LogUObjectArray: 15917 objects as part of root set at end of initial load.
[2020.12.14-23.48.31:639][  0]LogUObjectAllocator: 3965568 out of 0 bytes used by permanent object pool.
[2020.12.14-23.48.31:639][  0]LogUObjectArray: CloseDisregardForGC: 0/0 objects in disregard for GC pool
[2020.12.14-23.48.31:970][  0]LogTcpMessaging: Initializing TcpMessaging bridge
[2020.12.14-23.48.31:975][  0]LogUdpMessaging: Initializing bridge on interface 0.0.0.0:0 to multicast group 230.0.0.1:6666.
[2020.12.14-23.48.32:106][  0]SourceControl: Source control is disabled
[2020.12.14-23.48.32:107][  0]SourceControl: Source control is disabled
[2020.12.14-23.48.32:110][  0]SourceControl: Source control is disabled
[2020.12.14-23.48.32:113][  0]SourceControl: Source control is disabled
[2020.12.14-23.48.32:120][  0]SourceControl: Source control is disabled
[2020.12.14-23.48.32:365][  0]LogAndroidPermission: UAndroidPermissionCallbackProxy::GetInstance
[2020.12.14-23.48.32:385][  0]LogAudioCaptureCore: Display: No Audio Capture implementations found. Audio input will be silent.
[2020.12.14-23.48.32:385][  0]LogAudioCaptureCore: Display: No Audio Capture implementations found. Audio input will be silent.
[2020.12.14-23.48.32:435][  0]LogOcInput: OculusInput pre-init called
[2020.12.14-23.48.32:650][  0]LogEngine: Initializing Engine...
[2020.12.14-23.48.32:698][  0]LogHMD: Failed to initialize OpenVR with code 126
[2020.12.14-23.48.32:698][  0]LogMagicLeap: Warning: VR disabled because ZI is not enabled.  To enable, in the editor, Edit -> Project Settings -> Plugins -> Magic Leap Plugin -> Enable Zero Iteration
[2020.12.14-23.48.32:699][  0]LogStats: UGameplayTagsManager::InitializeManager -  0.000 s
[2020.12.14-23.48.32:811][  0]LogInit: Initializing FReadOnlyCVARCache
[2020.12.14-23.48.32:818][  0]LogAIModule: Creating AISystem for world Untitled
[2020.12.14-23.48.32:818][  0]LogAISub: UAISubsystem::UAISubsystem EnvQueryManager (0000021CC97C0C00), frame # 0
[2020.12.14-23.48.32:818][  0]LogAISub: UAISubsystem::UAISubsystem AIPerceptionSystem (0000021CC97F1940), frame # 0
[2020.12.14-23.48.32:833][  0]LogAudioMixer: Display: Audio Mixer Platform Settings:
[2020.12.14-23.48.32:833][  0]LogAudioMixer: Display: 	Sample Rate:						  48000
[2020.12.14-23.48.32:833][  0]LogAudioMixer: Display: 	Callback Buffer Frame Size Requested: 1024
[2020.12.14-23.48.32:833][  0]LogAudioMixer: Display: 	Callback Buffer Frame Size To Use:	  1024
[2020.12.14-23.48.32:833][  0]LogAudioMixer: Display: 	Number of buffers to queue:			  2
[2020.12.14-23.48.32:833][  0]LogAudioMixer: Display: 	Max Channels (voices):				  32
[2020.12.14-23.48.32:833][  0]LogAudioMixer: Display: 	Number of Async Source Workers:		  0
[2020.12.14-23.48.32:833][  0]LogAudio: Display: AudioDevice MaxSources: 32
[2020.12.14-23.48.32:833][  0]LogAudio: Display: Using built-in audio occlusion.
[2020.12.14-23.48.32:833][  0]LogAudioMixer: Display: Initializing audio mixer.
[2020.12.14-23.48.32:845][  0]LogAudioMixer: Display: 0: FrontLeft
[2020.12.14-23.48.32:845][  0]LogAudioMixer: Display: 1: FrontRight
[2020.12.14-23.48.32:869][  0]LogAudioMixer: Display: Using Audio Device Headset Earphone (2- Astro MixAmp Pro Voice)
[2020.12.14-23.48.32:873][  0]LogAudioMixer: Display: Initializing Sound Submixes...
[2020.12.14-23.48.32:875][  0]LogAudioMixer: Display: Creating Master Submix 'MasterSubmixDefault'
[2020.12.14-23.48.32:875][  0]LogAudioMixer: Display: Creating Master Submix 'MasterReverbSubmixDefault'
[2020.12.14-23.48.32:876][  0]LogAudioMixer: Display: Creating Master Submix 'MasterEQSubmixDefault'
[2020.12.14-23.48.32:880][  0]LogInit: FAudioDevice initialized.
[2020.12.14-23.48.32:881][  0]LogNetVersion: Set ProjectVersion to 1.0.0.0. Version Checksum will be recalculated on next use.
[2020.12.14-23.48.33:064][  0]LogDerivedDataCache: Saved boot cache 0.18s 79MB C:/Users/apexp/AppData/Local/UnrealEngine/4.25/DerivedDataCache/Boot.ddc.
[2020.12.14-23.48.33:068][  0]LogInit: Texture streaming: Enabled
[2020.12.14-23.48.33:084][  0]LogEngineSessionManager: EngineSessionManager initialized
[2020.12.14-23.48.33:084][  0]LogEditorSessionSummary: Verbose: Initializing EditorSessionSummaryWriter for editor session tracking
[2020.12.14-23.48.33:085][  0]LogEditorSessionSummary: EditorSessionSummaryWriter initialized
[2020.12.14-23.48.33:156][  0]LogInit: Transaction tracking system initialized
[2020.12.14-23.48.33:178][  0]BlueprintLog: New page: Editor Load
[2020.12.14-23.48.33:255][  0]LocalizationService: Localization service is disabled
[2020.12.14-23.48.33:422][  0]LogCook: Display: Max memory allowance for cook 16384mb min free memory 0mb
[2020.12.14-23.48.33:422][  0]LogCook: Display: Mobile HDR setting 1
[2020.12.14-23.48.33:571][  0]LogFileCache: Scanning file cache for directory 'D:/Repos_D/Boisvert-ENT3320-Fall2020/CircleOfSalt/Content/' took 0.01s
[2020.12.14-23.48.33:806][  0]SourceControl: Source control is disabled
[2020.12.14-23.48.33:806][  0]LogUnrealEdMisc: Loading editor; pre map load, took 7.538
[2020.12.14-23.48.33:806][  0]Cmd: MAP LOAD FILE="../../../../Repos_D/Boisvert-ENT3320-Fall2020/CircleOfSalt/Content/CircleOfSalt/Maps/Level-1/Level-1.umap" TEMPLATE=0 SHOWPROGRESS=1 FEATURELEVEL=3
[2020.12.14-23.48.33:807][  0]LightingResults: New page: Lighting Build
[2020.12.14-23.48.33:807][  0]LogWorld: UWorld::CleanupWorld for Untitled, bSessionEnded=true, bCleanupResources=true
[2020.12.14-23.48.33:807][  0]LogSlate: InvalidateAllWidgets triggered.  All widgets were invalidated
[2020.12.14-23.48.33:808][  0]MapCheck: New page: Map Check
[2020.12.14-23.48.33:808][  0]LightingResults: New page: Lighting Build
[2020.12.14-23.48.33:825][  0]LogAISub: UAISubsystem::~UAISubsystem EnvQueryManager (0000021CC97C0C00), frame # 0
[2020.12.14-23.48.33:825][  0]LogAISub: UAISubsystem::~UAISubsystem AIPerceptionSystem (0000021CC97F1940), frame # 0
[2020.12.14-23.48.33:826][  0]LogUObjectHash: Compacting FUObjectHashTables data took   1.02ms
[2020.12.14-23.48.35:308][  0]LogMaterial: Display: Missing cached shader map for material 05_-_Default, compiling. 
[2020.12.14-23.48.35:309][  0]LogMaterial: Warning: D:\Repos_D\Boisvert-ENT3320-Fall2020\CircleOfSalt\Content\CircleOfSalt\Maps\Level-1\Meshes\Vehicles\05_-_Default.uasset: Failed to compile Material for platform PCD3D_SM5, Default Material will be used in game.
[2020.12.14-23.48.35:309][  0]LogMaterial: Display: 	(Node TextureSample) TextureSample> Sampler type is Normal, should be Color for /Game/CircleOfSalt/Maps/Level-1/Meshes/Vehicles/metal-texture-background-vector.metal-texture-background-vector
[2020.12.14-23.48.35:314][  0]LogMaterial: Display: Missing cached shader map for material 03_-_Default, compiling. 
[2020.12.14-23.48.35:314][  0]LogMaterial: Warning: D:\Repos_D\Boisvert-ENT3320-Fall2020\CircleOfSalt\Content\CircleOfSalt\Maps\Level-1\Meshes\Vehicles\03_-_Default.uasset: Failed to compile Material for platform PCD3D_SM5, Default Material will be used in game.
[2020.12.14-23.48.35:314][  0]LogMaterial: Display: 	(Node TextureSample) TextureSample> Sampler type is Normal, should be Color for /Game/CircleOfSalt/Maps/Level-1/Meshes/Vehicles/metal_texture___44_by_agf81-d4epssh.metal_texture___44_by_agf81-d4epssh
[2020.12.14-23.48.35:463][  0]LogMaterial: Display: Missing cached shader map for material My_PDF_Mat, compiling. 
[2020.12.14-23.48.35:516][  0]LogShaderCompilers: Display: Worker (1/9): shaders left to compile 15
[2020.12.14-23.48.35:516][  0]LogShaderCompilers: Display: Worker (2/9): shaders left to compile 13
[2020.12.14-23.48.35:516][  0]LogShaderCompilers: Display: Worker (3/9): shaders left to compile 11
[2020.12.14-23.48.35:516][  0]LogShaderCompilers: Display: Worker (4/9): shaders left to compile 9
[2020.12.14-23.48.35:516][  0]LogShaderCompilers: Display: Worker (5/9): shaders left to compile 7
[2020.12.14-23.48.35:516][  0]LogShaderCompilers: Display: Worker (6/9): shaders left to compile 5
[2020.12.14-23.48.35:516][  0]LogShaderCompilers: Display: Worker (7/9): shaders left to compile 3
[2020.12.14-23.48.35:516][  0]LogShaderCompilers: Display: Worker (8/9): shaders left to compile 1
[2020.12.14-23.48.35:516][  0]LogMaterial: Display: Missing cached shader map for material doorMaterial, compiling. 
[2020.12.14-23.48.35:517][  0]LogMaterial: Warning: D:\Repos_D\Boisvert-ENT3320-Fall2020\CircleOfSalt\Content\CircleOfSalt\Maps\Level-1\Meshes\Environment\doorMaterial.uasset: Failed to compile Material for platform PCD3D_SM5, Default Material will be used in game.
[2020.12.14-23.48.35:517][  0]LogMaterial: Display: 	(Node TextureSample) Texture Sample> Missing input texture
[2020.12.14-23.48.35:526][  0]LogMaterial: Display: Missing cached shader map for material rimOfObjects, compiling. 
[2020.12.14-23.48.35:527][  0]LogMaterial: Warning: D:\Repos_D\Boisvert-ENT3320-Fall2020\CircleOfSalt\Content\CircleOfSalt\Maps\Level-1\Meshes\Environment\rimOfObjects.uasset: Failed to compile Material for platform PCD3D_SM5, Default Material will be used in game.
[2020.12.14-23.48.35:527][  0]LogMaterial: Display: 	(Node TextureSample) Texture Sample> Missing input texture
[2020.12.14-23.48.35:532][  0]LogAIModule: Creating AISystem for world Level-1
[2020.12.14-23.48.35:533][  0]LogAISub: UAISubsystem::UAISubsystem EnvQueryManager (0000021CE47FD000), frame # 0
[2020.12.14-23.48.35:533][  0]LogAISub: UAISubsystem::UAISubsystem AIPerceptionSystem (0000021CE47D3B00), frame # 0
[2020.12.14-23.48.35:575][  0]LogLandscape: Warning: Duplicate ComponentBase 0, 0
[2020.12.14-23.48.35:575][  0]LogLandscape: Warning: Duplicate ComponentBase 0, 0
[2020.12.14-23.48.35:575][  0]LogLandscape: Warning: Duplicate ComponentBase 0, 0
[2020.12.14-23.48.35:575][  0]MapCheck: Warning: Landscape_0 Landscape Landscape_0 of /Game/CircleOfSalt/Maps/Level-1/Level-1 has overlapping render components with Landscape_0 of /Game/CircleOfSalt/Maps/Level-1/Level-1 at location (0, 0). Delete Duplicate 
[2020.12.14-23.48.35:575][  0]MapCheck: Warning: Landscape_0 Landscape Landscape_0 of /Game/CircleOfSalt/Maps/Level-1/Level-1 has overlapping render components with Landscape_0 of /Game/CircleOfSalt/Maps/Level-1/Level-1 at location (0, 0). Delete Duplicate 
[2020.12.14-23.48.35:575][  0]MapCheck: Warning: Landscape_0 Landscape Landscape_0 of /Game/CircleOfSalt/Maps/Level-1/Level-1 has overlapping render components with Landscape_0 of /Game/CircleOfSalt/Maps/Level-1/Level-1 at location (0, 0). Delete Duplicate 
[2020.12.14-23.48.35:633][  0]PIE: Warning: AttachTo: '/Game/CircleOfSalt/Maps/Level-1/Level-1.Level-1:PersistentLevel.6.DefaultSceneRoot' is not static  (in blueprint "BP_DialoguePrompt"), cannot attach '/Game/CircleOfSalt/Maps/Level-1/Level-1.Level-1:PersistentLevel.6.ProximityTrigger' which is static to it. Aborting.
[2020.12.14-23.48.35:633][  0]PIE: Warning: AttachTo: '/Game/CircleOfSalt/Maps/Level-1/Level-1.Level-1:PersistentLevel.3.DefaultSceneRoot' is not static  (in blueprint "BP_DialoguePrompt"), cannot attach '/Game/CircleOfSalt/Maps/Level-1/Level-1.Level-1:PersistentLevel.3.ProximityTrigger' which is static to it. Aborting.
[2020.12.14-23.48.35:634][  0]PIE: Warning: AttachTo: '/Game/CircleOfSalt/Maps/Level-1/Level-1.Level-1:PersistentLevel.10.DefaultSceneRoot' is not static  (in blueprint "BP_DialoguePrompt"), cannot attach '/Game/CircleOfSalt/Maps/Level-1/Level-1.Level-1:PersistentLevel.10.ProximityTrigger' which is static to it. Aborting.
[2020.12.14-23.48.35:636][  0]LogEditorServer: Finished looking for orphan Actors (0.000 secs)
[2020.12.14-23.48.35:668][  0]LogLandscape: Warning: Duplicate ComponentBase 0, 0
[2020.12.14-23.48.35:668][  0]LogLandscape: Warning: Duplicate ComponentBase 0, 0
[2020.12.14-23.48.35:668][  0]LogLandscape: Warning: Duplicate ComponentBase 0, 0
[2020.12.14-23.48.35:674][  0]LogUObjectHash: Compacting FUObjectHashTables data took   1.48ms
[2020.12.14-23.48.35:675][  0]Cmd: MAP CHECKDEP NOCLEARLOG
[2020.12.14-23.48.35:675][  0]MapCheck: Map check complete: 0 Error(s), 3 Warning(s), took 0.17ms to complete.
[2020.12.14-23.48.35:683][  0]LogFileHelpers: Loading map 'Level-1' took 1.877
[2020.12.14-23.48.35:685][  0]LogUnrealEdMisc: Total Editor Startup Time, took 9.417
[2020.12.14-23.48.35:858][  0]LogSlate: Updating window title bar state: overlay mode, drag disabled, window buttons hidden, title bar hidden
[2020.12.14-23.48.35:867][  0]LogSlate: Updating window title bar state: overlay mode, drag disabled, window buttons hidden, title bar hidden
[2020.12.14-23.48.35:877][  0]LogSlate: Updating window title bar state: overlay mode, drag disabled, window buttons hidden, title bar hidden
[2020.12.14-23.48.35:887][  0]LogSlate: Updating window title bar state: overlay mode, drag disabled, window buttons hidden, title bar hidden
[2020.12.14-23.48.35:895][  0]LogCollectionManager: Loaded 0 collections in 0.001361 seconds
[2020.12.14-23.48.35:916][  0]LogFileCache: Scanning file cache for directory 'D:/Repos_D/Boisvert-ENT3320-Fall2020/CircleOfSalt/Saved/Collections/' took 0.00s
[2020.12.14-23.48.35:916][  0]LogFileCache: Scanning file cache for directory 'D:/Repos_D/Boisvert-ENT3320-Fall2020/CircleOfSalt/Content/Developers/apexp/Collections/' took 0.00s
[2020.12.14-23.48.35:916][  0]LogFileCache: Scanning file cache for directory 'D:/Repos_D/Boisvert-ENT3320-Fall2020/CircleOfSalt/Content/Collections/' took 0.00s
[2020.12.14-23.48.35:916][  0]LogContentBrowser: Native class hierarchy populated in 0.0130 seconds. Added 3436 classes and 826 folders.
[2020.12.14-23.48.35:919][  0]LogContentBrowser: Native class hierarchy updated for 'WidgetCarousel' in 0.0004 seconds. Added 0 classes and 0 folders.
[2020.12.14-23.48.36:022][  0]LogContentBrowser: Native class hierarchy updated for 'AddContentDialog' in 0.0007 seconds. Added 0 classes and 0 folders.
[2020.12.14-23.48.36:024][  0]LogContentBrowser: Native class hierarchy updated for 'SceneOutliner' in 0.0005 seconds. Added 2 classes and 0 folders.
[2020.12.14-23.48.36:325][  0]LogSlate: Took 0.000421 seconds to synchronously load lazily loaded font '../../../Engine/Content/Slate/Fonts/Roboto-Regular.ttf' (155K)
[2020.12.14-23.48.36:327][  0]LogSlate: Took 0.000333 seconds to synchronously load lazily loaded font '../../../Engine/Content/Slate/Fonts/Roboto-Bold.ttf' (160K)
[2020.12.14-23.48.36:333][  0]LogSlate: Took 0.000376 seconds to synchronously load lazily loaded font '../../../Engine/Content/Editor/Slate/Fonts/FontAwesome.ttf' (139K)
[2020.12.14-23.48.36:427][  0]LogRenderer: Reallocating scene render targets to support 1700x908 Format 10 NumSamples 1 (Frame:1).
[2020.12.14-23.48.36:601][  0]LogContentBrowser: Native class hierarchy updated for 'HierarchicalLODOutliner' in 0.0006 seconds. Added 0 classes and 0 folders.
[2020.12.14-23.48.36:601][  0]LogLoad: (Engine Initialization) Total time: 10.33 seconds
[2020.12.14-23.48.36:601][  0]LogLoad: (Engine Initialization) Total Blueprint compile time: 0.00 seconds
[2020.12.14-23.48.36:660][  0]LogContentStreaming: Texture pool size now 1000 MB
[2020.12.14-23.48.36:686][  0]LogSlate: Took 0.000494 seconds to synchronously load lazily loaded font '../../../Engine/Content/Slate/Fonts/Roboto-Light.ttf' (167K)
[2020.12.14-23.48.36:737][  1]LogAssetRegistry: Asset discovery search completed in 5.9181 seconds
[2020.12.14-23.48.36:742][  1]LogCollectionManager: Fixed up redirectors for 0 collections in 0.000003 seconds (updated 0 objects)
[2020.12.14-23.48.40:800][461]LogEditorViewport: Clicking on Actor (context menu): StaticMeshActor (Plane)
[2020.12.14-23.48.41:880][579]LogEditorViewport: Clicking on Actor (LMB): StaticMeshActor (Cube)
[2020.12.14-23.49.15:644][452]LogSlate: Took 0.000234 seconds to synchronously load lazily loaded font '../../../Engine/Content/Slate/Fonts/Roboto-Italic.ttf' (157K)
[2020.12.14-23.49.53:823][675]LogEditorViewport: Clicking on Actor (context menu): StaticMeshActor (O_stairsToBase_01)
[2020.12.14-23.49.56:918][  7]LogEditorViewport: Clicking on Actor (LMB): StaticMeshActor (Cube)
[2020.12.14-23.50.29:270][710]Cmd: TRANSACTION UNDO
[2020.12.14-23.50.29:270][710]LogEditorTransaction: Undo Scale Actors
[2020.12.14-23.50.29:281][710]LogSlate: Took 0.000319 seconds to synchronously load lazily loaded font '../../../Engine/Content/Slate/Fonts/Roboto-Light.ttf' (167K)
[2020.12.14-23.51.02:996][630]LogUObjectHash: Compacting FUObjectHashTables data took   0.87ms
[2020.12.14-23.51.03:281][630]LogSavePackage: Moving '../../../../Repos_D/Boisvert-ENT3320-Fall2020/CircleOfSalt/Saved/Level-1D3C90A4844F4D40343D91C8AA065FAD1.tmp' to '../../../../Repos_D/Boisvert-ENT3320-Fall2020/CircleOfSalt/Content/CircleOfSalt/Maps/Level-1/Level-1.umap'
[2020.12.14-23.51.03:341][630]AssetCheck: New page: Asset Save: Level-1
[2020.12.14-23.51.03:341][630]LogContentValidation: Display: Validating World /Game/CircleOfSalt/Maps/Level-1/Level-1.Level-1
[2020.12.14-23.51.08:593][212]LogUObjectHash: Compacting FUObjectHashTables data took   0.29ms
